  Building Custom Rule C:/Users/julno/Desktop/sample/prj/cv_hello_word/CMakeLists.txt
  CMake is re-running because C:/Users/julno/Desktop/sample/build/prj/cv_hello_word/CMakeFiles/generate.stamp is out-of-date.
    the file 'C:/Users/julno/Desktop/sample/prj/cv_hello_word/CMakeLists.txt'
    is newer than 'C:/Users/julno/Desktop/sample/build/prj/cv_hello_word/CMakeFiles/generate.stamp.depend'
    result='-1'
  -- Selecting Windows SDK version 10.0.17763.0 to target Windows 10.0.17134.
  Platform is win64
  Compiler id is vc2015
  Build suffix is win64.vc2015
  -- OpenCV ARCH: x64
  -- OpenCV RUNTIME: vc15
  -- OpenCV STATIC: OFF
  -- Found OpenCV 4.0.1 in C:/Users/julno/Desktop/opencv/build/x64/vc15/lib
  -- You might need to add C:\Users\julno\Desktop\opencv\build\x64\vc15\bin to your PATH to be able to run your applications.
  -- OpenCV ARCH: x64
  -- OpenCV RUNTIME: vc15
  -- OpenCV STATIC: OFF
  -- Found OpenCV 4.0.1 in C:/Users/julno/Desktop/opencv/build/x64/vc15/lib
  -- You might need to add C:\Users\julno\Desktop\opencv\build\x64\vc15\bin to your PATH to be able to run your applications.
  CMake Error at prj/cv_hello_word/CMakeLists.txt:9 (add_executable):
    add_executable cannot create target "cv_hello_word" because another target
    with the same name already exists.  The existing target is an executable
    created in source directory
    "C:/Users/julno/Desktop/sample/prj/cv_hello_word".  See documentation for
    policy CMP0002 for more details.
  
  
  CMake Error at prj/cv_hello_word/CMakeLists.txt:10 (add_executable):
    add_executable cannot create target "cv_hello_word" because another target
    with the same name already exists.  The existing target is an executable
    created in source directory
    "C:/Users/julno/Desktop/sample/prj/cv_hello_word".  See documentation for
    policy CMP0002 for more details.
  
  
  CMake Error at prj/cv_hello_word/CMakeLists.txt:11 (add_executable):
    add_executable cannot create target "cv_hello_word" because another target
    with the same name already exists.  The existing target is an executable
    created in source directory
    "C:/Users/julno/Desktop/sample/prj/cv_hello_word".  See documentation for
    policy CMP0002 for more details.
  
  
  -- Configuring incomplete, errors occurred!
  See also "C:/Users/julno/Desktop/sample/build/CMakeFiles/CMakeOutput.log".
C:\Program Files (x86)\Microsoft Visual Studio\2017\Community\Common7\IDE\VC\VCTargets\Microsoft.CppCommon.targets(209,5): error MSB6006: "cmd.exe" завершилась с кодом 1.
